<?xml version="1.0" encoding="UTF-8"?>
<testng-results skipped="0" failed="3" ignored="0" total="17" passed="14">
  <reporter-output>
  </reporter-output>
  <suite name="Surefire suite" duration-ms="206628" started-at="2022-07-18T14:34:01 EET" finished-at="2022-07-18T14:37:28 EET">
    <groups>
      <group name="cucumber">
        <method signature="AbstractTestNGCucumberTests.runScenario(io.cucumber.testng.PickleWrapper,io.cucumber.testng.FeatureWrapper)[pri:0, instance:org.example.Runner.Runner@4d50efb8]" name="runScenario" class="io.cucumber.testng.AbstractTestNGCucumberTests"/>
      </group> <!-- cucumber -->
    </groups>
    <test name="Surefire test" duration-ms="206628" started-at="2022-07-18T14:34:01 EET" finished-at="2022-07-18T14:37:28 EET">
      <class name="org.example.Runner.Runner">
        <test-method status="PASS" signature="setUpClass(org.testng.ITestContext)[pri:0, instance:org.example.Runner.Runner@4d50efb8]" name="setUpClass" is-config="true" duration-ms="1219" started-at="2022-07-18T14:34:01 EET" finished-at="2022-07-18T14:34:02 EET">
          <params>
            <param index="0">
              <value>
                <![CDATA[org.testng.TestRunner@6d7b2319]]>
              </value>
            </param>
          </params>
          <reporter-output>
          </reporter-output>
        </test-method> <!-- setUpClass -->
        <test-method status="PASS" signature="runScenario(io.cucumber.testng.PickleWrapper,io.cucumber.testng.FeatureWrapper)[pri:0, instance:org.example.Runner.Runner@4d50efb8]" name="runScenario" duration-ms="15328" started-at="2022-07-18T14:34:02 EET" description="Runs Cucumber Scenarios" data-provider="scenarios" finished-at="2022-07-18T14:34:18 EET">
          <params>
            <param index="0">
              <value>
                <![CDATA["user register with valid data"]]>
              </value>
            </param>
            <param index="1">
              <value>
                <![CDATA["user must be create new account"]]>
              </value>
            </param>
          </params>
          <reporter-output>
          </reporter-output>
        </test-method> <!-- runScenario -->
        <test-method status="PASS" signature="runScenario(io.cucumber.testng.PickleWrapper,io.cucumber.testng.FeatureWrapper)[pri:0, instance:org.example.Runner.Runner@4d50efb8]" name="runScenario" duration-ms="11672" started-at="2022-07-18T14:34:18 EET" description="Runs Cucumber Scenarios" data-provider="scenarios" finished-at="2022-07-18T14:34:29 EET">
          <params>
            <param index="0">
              <value>
                <![CDATA["user login with valid data"]]>
              </value>
            </param>
            <param index="1">
              <value>
                <![CDATA["user login to the system"]]>
              </value>
            </param>
          </params>
          <reporter-output>
          </reporter-output>
        </test-method> <!-- runScenario -->
        <test-method status="PASS" signature="runScenario(io.cucumber.testng.PickleWrapper,io.cucumber.testng.FeatureWrapper)[pri:0, instance:org.example.Runner.Runner@4d50efb8]" name="runScenario" duration-ms="11655" started-at="2022-07-18T14:34:29 EET" description="Runs Cucumber Scenarios" data-provider="scenarios" finished-at="2022-07-18T14:34:41 EET">
          <params>
            <param index="0">
              <value>
                <![CDATA["user login with invalid data"]]>
              </value>
            </param>
            <param index="1">
              <value>
                <![CDATA["user login to the system"]]>
              </value>
            </param>
          </params>
          <reporter-output>
          </reporter-output>
        </test-method> <!-- runScenario -->
        <test-method status="PASS" signature="runScenario(io.cucumber.testng.PickleWrapper,io.cucumber.testng.FeatureWrapper)[pri:0, instance:org.example.Runner.Runner@4d50efb8]" name="runScenario" duration-ms="9745" started-at="2022-07-18T14:34:41 EET" description="Runs Cucumber Scenarios" data-provider="scenarios" finished-at="2022-07-18T14:34:51 EET">
          <params>
            <param index="0">
              <value>
                <![CDATA["guest user can choose € currency"]]>
              </value>
            </param>
            <param index="1">
              <value>
                <![CDATA["user switch between currencies ($, €)"]]>
              </value>
            </param>
          </params>
          <reporter-output>
          </reporter-output>
        </test-method> <!-- runScenario -->
        <test-method status="PASS" signature="runScenario(io.cucumber.testng.PickleWrapper,io.cucumber.testng.FeatureWrapper)[pri:0, instance:org.example.Runner.Runner@4d50efb8]" name="runScenario" duration-ms="9806" started-at="2022-07-18T14:34:51 EET" description="Runs Cucumber Scenarios" data-provider="scenarios" finished-at="2022-07-18T14:35:01 EET">
          <params>
            <param index="0">
              <value>
                <![CDATA["user search using valid product name"]]>
              </value>
            </param>
            <param index="1">
              <value>
                <![CDATA["users will be search for products with different parameters"]]>
              </value>
            </param>
          </params>
          <reporter-output>
          </reporter-output>
        </test-method> <!-- runScenario -->
        <test-method status="PASS" signature="runScenario(io.cucumber.testng.PickleWrapper,io.cucumber.testng.FeatureWrapper)[pri:0, instance:org.example.Runner.Runner@4d50efb8]" name="runScenario" duration-ms="9370" started-at="2022-07-18T14:35:01 EET" description="Runs Cucumber Scenarios" data-provider="scenarios" finished-at="2022-07-18T14:35:10 EET">
          <params>
            <param index="0">
              <value>
                <![CDATA["user search using SKU"]]>
              </value>
            </param>
            <param index="1">
              <value>
                <![CDATA["users will be search for products with different parameters"]]>
              </value>
            </param>
          </params>
          <reporter-output>
          </reporter-output>
        </test-method> <!-- runScenario -->
        <test-method status="PASS" signature="runScenario(io.cucumber.testng.PickleWrapper,io.cucumber.testng.FeatureWrapper)[pri:0, instance:org.example.Runner.Runner@4d50efb8]" name="runScenario" duration-ms="10299" started-at="2022-07-18T14:35:10 EET" description="Runs Cucumber Scenarios" data-provider="scenarios" finished-at="2022-07-18T14:35:20 EET">
          <params>
            <param index="0">
              <value>
                <![CDATA["user search using invalid product name"]]>
              </value>
            </param>
            <param index="1">
              <value>
                <![CDATA["users will be search for products with different parameters"]]>
              </value>
            </param>
          </params>
          <reporter-output>
          </reporter-output>
        </test-method> <!-- runScenario -->
        <test-method status="PASS" signature="runScenario(io.cucumber.testng.PickleWrapper,io.cucumber.testng.FeatureWrapper)[pri:0, instance:org.example.Runner.Runner@4d50efb8]" name="runScenario" duration-ms="11425" started-at="2022-07-18T14:35:20 EET" description="Runs Cucumber Scenarios" data-provider="scenarios" finished-at="2022-07-18T14:35:32 EET">
          <params>
            <param index="0">
              <value>
                <![CDATA["user hover categories"]]>
              </value>
            </param>
            <param index="1">
              <value>
                <![CDATA["user hover categories and select subcategory"]]>
              </value>
            </param>
          </params>
          <reporter-output>
          </reporter-output>
        </test-method> <!-- runScenario -->
        <test-method status="FAIL" signature="runScenario(io.cucumber.testng.PickleWrapper,io.cucumber.testng.FeatureWrapper)[pri:0, instance:org.example.Runner.Runner@4d50efb8]" name="runScenario" duration-ms="10650" started-at="2022-07-18T14:35:32 EET" description="Runs Cucumber Scenarios" data-provider="scenarios" finished-at="2022-07-18T14:35:42 EET">
          <params>
            <param index="0">
              <value>
                <![CDATA["First slider clickable on homepage"]]>
              </value>
            </param>
            <param index="1">
              <value>
                <![CDATA["users will open sliders in home page"]]>
              </value>
            </param>
          </params>
          <exception class="java.lang.AssertionError">
            <message>
              <![CDATA[URL of First Slide expected [https://demo.nopcommerce.com/nokia-lumia-1020] but found [https://demo.nopcommerce.com/]]]>
            </message>
            <full-stacktrace>
              <![CDATA[java.lang.AssertionError: URL of First Slide expected [https://demo.nopcommerce.com/nokia-lumia-1020] but found [https://demo.nopcommerce.com/]
at org.testng.Assert.fail(Assert.java:110)
at org.testng.Assert.failNotEquals(Assert.java:1413)
at org.testng.Assert.assertEqualsImpl(Assert.java:149)
at org.testng.Assert.assertEquals(Assert.java:131)
at org.testng.Assert.assertEquals(Assert.java:655)
at org.example.StepDefinition.SD6HomeSliders.first_slide_displayed(SD6HomeSliders.java:23)
at ✽.relative product for first slider will displayed(file:///C:/Users/abdullah.mahdy/Desktop/New%20folder%20(3)/E-CommerceWebAutoTestingEgfwd/E-CommerceWebAutoTestingEgfwd/src/main/resources/Features/6-HomeSliders.feature:6)
]]>
            </full-stacktrace>
          </exception> <!-- java.lang.AssertionError -->
          <reporter-output>
          </reporter-output>
        </test-method> <!-- runScenario -->
        <test-method status="FAIL" signature="runScenario(io.cucumber.testng.PickleWrapper,io.cucumber.testng.FeatureWrapper)[pri:0, instance:org.example.Runner.Runner@4d50efb8]" name="runScenario" duration-ms="10075" started-at="2022-07-18T14:35:42 EET" description="Runs Cucumber Scenarios" data-provider="scenarios" finished-at="2022-07-18T14:35:52 EET">
          <params>
            <param index="0">
              <value>
                <![CDATA["Second slider clickable on homepage"]]>
              </value>
            </param>
            <param index="1">
              <value>
                <![CDATA["users will open sliders in home page"]]>
              </value>
            </param>
          </params>
          <exception class="java.lang.AssertionError">
            <message>
              <![CDATA[URL of Second Slide expected [https://demo.nopcommerce.com/iphone-6] but found [https://demo.nopcommerce.com/]]]>
            </message>
            <full-stacktrace>
              <![CDATA[java.lang.AssertionError: URL of Second Slide expected [https://demo.nopcommerce.com/iphone-6] but found [https://demo.nopcommerce.com/]
at org.testng.Assert.fail(Assert.java:110)
at org.testng.Assert.failNotEquals(Assert.java:1413)
at org.testng.Assert.assertEqualsImpl(Assert.java:149)
at org.testng.Assert.assertEquals(Assert.java:131)
at org.testng.Assert.assertEquals(Assert.java:655)
at org.example.StepDefinition.SD6HomeSliders.second_slide_displayed(SD6HomeSliders.java:37)
at ✽.relative product for second slider will displayed(file:///C:/Users/abdullah.mahdy/Desktop/New%20folder%20(3)/E-CommerceWebAutoTestingEgfwd/E-CommerceWebAutoTestingEgfwd/src/main/resources/Features/6-HomeSliders.feature:11)
]]>
            </full-stacktrace>
          </exception> <!-- java.lang.AssertionError -->
          <reporter-output>
          </reporter-output>
        </test-method> <!-- runScenario -->
        <test-method status="PASS" signature="runScenario(io.cucumber.testng.PickleWrapper,io.cucumber.testng.FeatureWrapper)[pri:0, instance:org.example.Runner.Runner@4d50efb8]" name="runScenario" duration-ms="13875" started-at="2022-07-18T14:35:52 EET" description="Runs Cucumber Scenarios" data-provider="scenarios" finished-at="2022-07-18T14:36:06 EET">
          <params>
            <param index="0">
              <value>
                <![CDATA["user opens facebook link"]]>
              </value>
            </param>
            <param index="1">
              <value>
                <![CDATA["users open followUs links"]]>
              </value>
            </param>
          </params>
          <reporter-output>
          </reporter-output>
        </test-method> <!-- runScenario -->
        <test-method status="PASS" signature="runScenario(io.cucumber.testng.PickleWrapper,io.cucumber.testng.FeatureWrapper)[pri:0, instance:org.example.Runner.Runner@4d50efb8]" name="runScenario" duration-ms="13615" started-at="2022-07-18T14:36:06 EET" description="Runs Cucumber Scenarios" data-provider="scenarios" finished-at="2022-07-18T14:36:20 EET">
          <params>
            <param index="0">
              <value>
                <![CDATA["user opens twitter link"]]>
              </value>
            </param>
            <param index="1">
              <value>
                <![CDATA["users open followUs links"]]>
              </value>
            </param>
          </params>
          <reporter-output>
          </reporter-output>
        </test-method> <!-- runScenario -->
        <test-method status="FAIL" signature="runScenario(io.cucumber.testng.PickleWrapper,io.cucumber.testng.FeatureWrapper)[pri:0, instance:org.example.Runner.Runner@4d50efb8]" name="runScenario" duration-ms="14444" started-at="2022-07-18T14:36:20 EET" description="Runs Cucumber Scenarios" data-provider="scenarios" finished-at="2022-07-18T14:36:34 EET">
          <params>
            <param index="0">
              <value>
                <![CDATA["user opens rss link"]]>
              </value>
            </param>
            <param index="1">
              <value>
                <![CDATA["users open followUs links"]]>
              </value>
            </param>
          </params>
          <exception class="java.lang.IndexOutOfBoundsException">
            <message>
              <![CDATA[Index: 1, Size: 1]]>
            </message>
            <full-stacktrace>
              <![CDATA[java.lang.IndexOutOfBoundsException: Index: 1, Size: 1
at java.util.ArrayList.rangeCheck(ArrayList.java:659)
at java.util.ArrayList.get(ArrayList.java:435)
at org.example.StepDefinition.SD7FollowUs.opens_new_tab(SD7FollowUs.java:23)
at ✽."https://demo.nopcommerce.com/new-online-store-is-open" is opened in new tab(file:///C:/Users/abdullah.mahdy/Desktop/New%20folder%20(3)/E-CommerceWebAutoTestingEgfwd/E-CommerceWebAutoTestingEgfwd/src/main/resources/Features/7-FollowUs.feature:22)
]]>
            </full-stacktrace>
          </exception> <!-- java.lang.IndexOutOfBoundsException -->
          <reporter-output>
          </reporter-output>
        </test-method> <!-- runScenario -->
        <test-method status="PASS" signature="runScenario(io.cucumber.testng.PickleWrapper,io.cucumber.testng.FeatureWrapper)[pri:0, instance:org.example.Runner.Runner@4d50efb8]" name="runScenario" duration-ms="14547" started-at="2022-07-18T14:36:34 EET" description="Runs Cucumber Scenarios" data-provider="scenarios" finished-at="2022-07-18T14:36:49 EET">
          <params>
            <param index="0">
              <value>
                <![CDATA["user opens youtube link"]]>
              </value>
            </param>
            <param index="1">
              <value>
                <![CDATA["users open followUs links"]]>
              </value>
            </param>
          </params>
          <reporter-output>
          </reporter-output>
        </test-method> <!-- runScenario -->
        <test-method status="PASS" signature="runScenario(io.cucumber.testng.PickleWrapper,io.cucumber.testng.FeatureWrapper)[pri:0, instance:org.example.Runner.Runner@4d50efb8]" name="runScenario" duration-ms="11763" started-at="2022-07-18T14:36:49 EET" description="Runs Cucumber Scenarios" data-provider="scenarios" finished-at="2022-07-18T14:37:01 EET">
          <params>
            <param index="0">
              <value>
                <![CDATA["success message will visible after adding item to wishlist"]]>
              </value>
            </param>
            <param index="1">
              <value>
                <![CDATA["guest user add products to wishlist"]]>
              </value>
            </param>
          </params>
          <reporter-output>
          </reporter-output>
        </test-method> <!-- runScenario -->
        <test-method status="PASS" signature="runScenario(io.cucumber.testng.PickleWrapper,io.cucumber.testng.FeatureWrapper)[pri:0, instance:org.example.Runner.Runner@4d50efb8]" name="runScenario" duration-ms="12400" started-at="2022-07-18T14:37:01 EET" description="Runs Cucumber Scenarios" data-provider="scenarios" finished-at="2022-07-18T14:37:13 EET">
          <params>
            <param index="0">
              <value>
                <![CDATA["number of wishlist items in home page will increased"]]>
              </value>
            </param>
            <param index="1">
              <value>
                <![CDATA["guest user add products to wishlist"]]>
              </value>
            </param>
          </params>
          <reporter-output>
          </reporter-output>
        </test-method> <!-- runScenario -->
        <test-method status="PASS" signature="runScenario(io.cucumber.testng.PickleWrapper,io.cucumber.testng.FeatureWrapper)[pri:0, instance:org.example.Runner.Runner@4d50efb8]" name="runScenario" duration-ms="14031" started-at="2022-07-18T14:37:13 EET" description="Runs Cucumber Scenarios" data-provider="scenarios" finished-at="2022-07-18T14:37:27 EET">
          <params>
            <param index="0">
              <value>
                <![CDATA["added items are display on wishlist"]]>
              </value>
            </param>
            <param index="1">
              <value>
                <![CDATA["guest user add products to wishlist"]]>
              </value>
            </param>
          </params>
          <reporter-output>
          </reporter-output>
        </test-method> <!-- runScenario -->
        <test-method status="PASS" signature="tearDownClass()[pri:0, instance:org.example.Runner.Runner@4d50efb8]" name="tearDownClass" is-config="true" duration-ms="663" started-at="2022-07-18T14:37:27 EET" finished-at="2022-07-18T14:37:28 EET">
          <reporter-output>
          </reporter-output>
        </test-method> <!-- tearDownClass -->
      </class> <!-- org.example.Runner.Runner -->
    </test> <!-- Surefire test -->
  </suite> <!-- Surefire suite -->
</testng-results>
