<?xml version="1.0" encoding="UTF-8"?>
<!-- Generated by org.testng.reporters.JUnitReportReporter -->
<testsuite skipped="0" hostname="pc-B" name="org.example.Runner.Runner" tests="17" failures="2" timestamp="2022-07-18T14:37:28 EET" time="204.700" errors="1">
  <testcase name="runScenario" time="11.655" classname="org.example.Runner.Runner"/>
  <system-out/>
  <testcase name="runScenario" time="9.745" classname="org.example.Runner.Runner"/>
  <system-out/>
  <testcase name="runScenario" time="11.672" classname="org.example.Runner.Runner"/>
  <system-out/>
  <testcase name="runScenario" time="9.806" classname="org.example.Runner.Runner"/>
  <system-out/>
  <testcase name="runScenario" time="14.444" classname="org.example.Runner.Runner">
    <error type="java.lang.IndexOutOfBoundsException" message="Index: 1, Size: 1">
      <![CDATA[java.lang.IndexOutOfBoundsException: Index: 1, Size: 1
at java.util.ArrayList.rangeCheck(ArrayList.java:659)
at java.util.ArrayList.get(ArrayList.java:435)
at org.example.StepDefinition.SD7FollowUs.opens_new_tab(SD7FollowUs.java:23)
at ✽."https://demo.nopcommerce.com/new-online-store-is-open" is opened in new tab(file:///C:/Users/abdullah.mahdy/Desktop/New%20folder%20(3)/E-CommerceWebAutoTestingEgfwd/E-CommerceWebAutoTestingEgfwd/src/main/resources/Features/7-FollowUs.feature:22)
]]>
    </error>
  </testcase> <!-- runScenario -->
  <system-out/>
  <testcase name="runScenario" time="10.650" classname="org.example.Runner.Runner">
    <failure type="java.lang.AssertionError" message="URL of First Slide expected [https://demo.nopcommerce.com/nokia-lumia-1020] but found [https://demo.nopcommerce.com/]">
      <![CDATA[java.lang.AssertionError: URL of First Slide expected [https://demo.nopcommerce.com/nokia-lumia-1020] but found [https://demo.nopcommerce.com/]
at org.testng.Assert.fail(Assert.java:110)
at org.testng.Assert.failNotEquals(Assert.java:1413)
at org.testng.Assert.assertEqualsImpl(Assert.java:149)
at org.testng.Assert.assertEquals(Assert.java:131)
at org.testng.Assert.assertEquals(Assert.java:655)
at org.example.StepDefinition.SD6HomeSliders.first_slide_displayed(SD6HomeSliders.java:23)
at ✽.relative product for first slider will displayed(file:///C:/Users/abdullah.mahdy/Desktop/New%20folder%20(3)/E-CommerceWebAutoTestingEgfwd/E-CommerceWebAutoTestingEgfwd/src/main/resources/Features/6-HomeSliders.feature:6)
]]>
    </failure>
  </testcase> <!-- runScenario -->
  <system-out/>
  <testcase name="runScenario" time="13.875" classname="org.example.Runner.Runner"/>
  <system-out/>
  <testcase name="runScenario" time="9.370" classname="org.example.Runner.Runner"/>
  <system-out/>
  <testcase name="runScenario" time="14.547" classname="org.example.Runner.Runner"/>
  <system-out/>
  <testcase name="runScenario" time="15.328" classname="org.example.Runner.Runner"/>
  <system-out/>
  <testcase name="runScenario" time="12.400" classname="org.example.Runner.Runner"/>
  <system-out/>
  <testcase name="runScenario" time="14.031" classname="org.example.Runner.Runner"/>
  <system-out/>
  <testcase name="runScenario" time="10.299" classname="org.example.Runner.Runner"/>
  <system-out/>
  <testcase name="runScenario" time="13.615" classname="org.example.Runner.Runner"/>
  <system-out/>
  <testcase name="runScenario" time="10.075" classname="org.example.Runner.Runner">
    <failure type="java.lang.AssertionError" message="URL of Second Slide expected [https://demo.nopcommerce.com/iphone-6] but found [https://demo.nopcommerce.com/]">
      <![CDATA[java.lang.AssertionError: URL of Second Slide expected [https://demo.nopcommerce.com/iphone-6] but found [https://demo.nopcommerce.com/]
at org.testng.Assert.fail(Assert.java:110)
at org.testng.Assert.failNotEquals(Assert.java:1413)
at org.testng.Assert.assertEqualsImpl(Assert.java:149)
at org.testng.Assert.assertEquals(Assert.java:131)
at org.testng.Assert.assertEquals(Assert.java:655)
at org.example.StepDefinition.SD6HomeSliders.second_slide_displayed(SD6HomeSliders.java:37)
at ✽.relative product for second slider will displayed(file:///C:/Users/abdullah.mahdy/Desktop/New%20folder%20(3)/E-CommerceWebAutoTestingEgfwd/E-CommerceWebAutoTestingEgfwd/src/main/resources/Features/6-HomeSliders.feature:11)
]]>
    </failure>
  </testcase> <!-- runScenario -->
  <system-out/>
  <testcase name="runScenario" time="11.763" classname="org.example.Runner.Runner"/>
  <system-out/>
  <testcase name="runScenario" time="11.425" classname="org.example.Runner.Runner"/>
  <system-out/>
</testsuite> <!-- org.example.Runner.Runner -->
